POST Data: Array
(
    [viewid] => 11
    [document_status] => Rejected
)

POST Data: Array
(
    [viewid] => 87
    [document_status] => Rejected
)

POST Data: Array
(
    [viewid] => 1
    [document_status] => Rejected
)

POST Data: Array
(
    [viewid] => 1
    [document_status] => Approved
)

POST Data: Array
(
    [viewid] => 1
    [document_status] => Approved
)

POST Data: Array
(
    [viewid] => 1
    [document_status] => Approved
)

POST Data: Array
(
    [viewid] => 15
    [document_status] => Approved
)

POST Data: Array
(
    [viewid] => 11
    [document_status] => Approved
)

POST Data: Array
(
    [viewid] => 79
    [document_status] => Approved
)

POST Data: Array
(
    [viewid] => 79
    [document_status] => Approved
)

POST Data: Array
(
    [viewid] => 79
    [document_status] => Approved
)

POST Data: Array
(
    [viewid] => 80
    [document_status] => Approved
)

POST Data: Array
(
    [viewid] => 82
    [document_status] => Approved
)

POST Data: Array
(
    [viewid] => 31
    [document_status] => Approved
)

POST Data: Array
(
    [viewid] => 31
    [document_status] => Approved
)

POST Data: Array
(
    [viewid] => 91
    [document_status] => Approved
)

POST Data: Array
(
    [viewid] => 27
    [document_status] => Approved
)

POST Data: Array
(
    [viewid] => 101
    [document_status] => Approved
)

POST Data: Array
(
    [viewid] => 101
    [application_status] => Released
)

POST Data: Array
(
    [viewid] => 45
    [document_status] => Rejected
)

POST Data: Array
(
    [viewid] => 45
    [document_status] => Approved
)

POST Data: Array
(
    [viewid] => 45
    [application_status] => Released
)

POST Data: Array
(
    [viewid] => 97
    [document_status] => Rejected
)

POST Data: Array
(
    [viewid] => 1
    [document_status] => Rejected
)

POST Data: Array
(
    [viewid] => 44
    [document_status] => Approved
)

POST Data: Array
(
    [viewid] => 44
    [application_status] => Released
)

POST Data: Array
(
    [viewid] => 85
    [document_status] => Rejected
)

POST Data: Array
(
    [viewid] => 98
    [document_status] => Rejected
)

POST Data: Array
(
    [viewid] => 99
    [application_status] => Released
)

POST Data: Array
(
    [viewid] => 11
    [document_status] => Rejected
)

POST Data: Array
(
    [viewid] => 85
    [document_status] => Rejected
)

